2016-07-26 22:58:21 [58.63.3.65][-][-][warning][yii\debug\Module::checkAccess] Access to debugger is denied due to IP address restriction. The requesting IP address is 58.63.3.65
    in /data/home/qxu1193900179/htdocs/zx/frontend/views/layouts/main.php:79
    in /data/home/qxu1193900179/htdocs/zx/frontend/controllers/SiteController.php:75
2016-07-26 22:58:20 [58.63.3.65][-][-][info][application] $_COOKIE = [
    'current-skin' => '/admin/source/css/skins/blue.min.css'
]

$_SESSION = [
    '__flash' => []
]

$_SERVER = [
    'DOCUMENT_ROOT' => '/usr/home/qxu1193900179/htdocs'
    'GATEWAY_INTERFACE' => 'CGI/1.1'
    'HTTP_ACCEPT' => 'text/html,application/xhtml+xml,application/xml;q=0.9,image/webp,*/*;q=0.8'
    'HTTP_ACCEPT_ENCODING' => 'gzip, deflate'
    'HTTP_ACCEPT_LANGUAGE' => 'zh-CN,zh;q=0.8'
    'HTTP_CONNECTION' => 'keep-alive'
    'HTTP_COOKIE' => 'current-skin=/admin/source/css/skins/blue.min.css'
    'HTTP_HOST' => '326108993.com'
    'HTTP_UPGRADE_INSECURE_REQUESTS' => '1'
    'HTTP_USER_AGENT' => 'Mozilla/5.0 (Windows NT 6.1; WOW64) AppleWebKit/537.36 (KHTML, like Gecko) Chrome/51.0.2704.103 Safari/537.36'
    'PATH' => '/bin:/usr/bin'
    'PHPRC' => '/var/www/php55/hichina_ini/qxu1193900179'
    'QUERY_STRING' => ''
    'REDIRECT_STATUS' => '200'
    'REMOTE_ADDR' => '58.63.3.65'
    'REMOTE_PORT' => '4616'
    'REQUEST_METHOD' => 'GET'
    'REQUEST_URI' => '/index.php'
    'SCRIPT_FILENAME' => '/usr/home/qxu1193900179/htdocs/index.php'
    'SCRIPT_NAME' => '/index.php'
    'SERVER_ADDR' => '121.42.95.234'
    'SERVER_ADMIN' => 'webmaster@qxu1193900179.my3w.com'
    'SERVER_NAME' => '326108993.com'
    'SERVER_PORT' => '80'
    'SERVER_PROTOCOL' => 'HTTP/1.1'
    'SERVER_SIGNATURE' => ''
    'SERVER_SOFTWARE' => 'Apache'
    'UNIQUE_ID' => 'V5d6jAqjzoUAAEc2WPoAAAAj'
    'PHP_SELF' => '/index.php'
    'REQUEST_TIME_FLOAT' => 1469545100.7961
    'REQUEST_TIME' => 1469545100
]
2016-07-26 22:58:27 [58.63.3.65][-][-][warning][yii\debug\Module::checkAccess] Access to debugger is denied due to IP address restriction. The requesting IP address is 58.63.3.65
    in /data/home/qxu1193900179/htdocs/zx/frontend/views/layouts/main.php:79
    in /data/home/qxu1193900179/htdocs/zx/frontend/controllers/SiteController.php:75
2016-07-26 22:58:27 [58.63.3.65][-][-][info][application] $_COOKIE = [
    'current-skin' => '/admin/source/css/skins/blue.min.css'
    'PHPSESSID' => '26ko5bv190rh2vuc9cclmocqs7'
    '_csrf' => '8e76a73ab56dccccfe2e86b44e267512cca93830796712a721b418101191d55da:2:{i:0;s:5:\"_csrf\";i:1;s:32:\"3DwuE0tl_vILWHAeFvaEu7L3Slu7kAJ7\";}'
]

$_SESSION = [
    '__flash' => []
]

$_SERVER = [
    'DOCUMENT_ROOT' => '/usr/home/qxu1193900179/htdocs'
    'GATEWAY_INTERFACE' => 'CGI/1.1'
    'HTTP_ACCEPT' => 'text/html,application/xhtml+xml,application/xml;q=0.9,image/webp,*/*;q=0.8'
    'HTTP_ACCEPT_ENCODING' => 'gzip, deflate'
    'HTTP_ACCEPT_LANGUAGE' => 'zh-CN,zh;q=0.8'
    'HTTP_CONNECTION' => 'keep-alive'
    'HTTP_COOKIE' => 'current-skin=/admin/source/css/skins/blue.min.css; PHPSESSID=26ko5bv190rh2vuc9cclmocqs7; _csrf=8e76a73ab56dccccfe2e86b44e267512cca93830796712a721b418101191d55da%3A2%3A%7Bi%3A0%3Bs%3A5%3A%22_csrf%22%3Bi%3A1%3Bs%3A32%3A%223DwuE0tl_vILWHAeFvaEu7L3Slu7kAJ7%22%3B%7D'
    'HTTP_HOST' => '326108993.com'
    'HTTP_UPGRADE_INSECURE_REQUESTS' => '1'
    'HTTP_USER_AGENT' => 'Mozilla/5.0 (Windows NT 6.1; WOW64) AppleWebKit/537.36 (KHTML, like Gecko) Chrome/51.0.2704.103 Safari/537.36'
    'PATH' => '/bin:/usr/bin'
    'PHPRC' => '/var/www/php55/hichina_ini/qxu1193900179'
    'QUERY_STRING' => ''
    'REDIRECT_DOCUMENT_ROOT' => '/usr/home/qxu1193900179/htdocs'
    'REDIRECT_GATEWAY_INTERFACE' => 'CGI/1.1'
    'REDIRECT_HTTP_ACCEPT' => 'text/html,application/xhtml+xml,application/xml;q=0.9,image/webp,*/*;q=0.8'
    'REDIRECT_HTTP_ACCEPT_ENCODING' => 'gzip, deflate'
    'REDIRECT_HTTP_ACCEPT_LANGUAGE' => 'zh-CN,zh;q=0.8'
    'REDIRECT_HTTP_CONNECTION' => 'keep-alive'
    'REDIRECT_HTTP_COOKIE' => 'current-skin=/admin/source/css/skins/blue.min.css; PHPSESSID=26ko5bv190rh2vuc9cclmocqs7; _csrf=8e76a73ab56dccccfe2e86b44e267512cca93830796712a721b418101191d55da%3A2%3A%7Bi%3A0%3Bs%3A5%3A%22_csrf%22%3Bi%3A1%3Bs%3A32%3A%223DwuE0tl_vILWHAeFvaEu7L3Slu7kAJ7%22%3B%7D'
    'REDIRECT_HTTP_HOST' => '326108993.com'
    'REDIRECT_HTTP_UPGRADE_INSECURE_REQUESTS' => '1'
    'REDIRECT_HTTP_USER_AGENT' => 'Mozilla/5.0 (Windows NT 6.1; WOW64) AppleWebKit/537.36 (KHTML, like Gecko) Chrome/51.0.2704.103 Safari/537.36'
    'REDIRECT_PATH' => '/usr/kerberos/sbin:/usr/kerberos/bin:/usr/local/sbin:/sbin:/bin:/usr/sbin:/usr/bin'
    'REDIRECT_QUERY_STRING' => ''
    'REDIRECT_REMOTE_ADDR' => '58.63.3.65'
    'REDIRECT_REMOTE_PORT' => '4616'
    'REDIRECT_REQUEST_METHOD' => 'GET'
    'REDIRECT_REQUEST_URI' => '/weixin'
    'REDIRECT_SCRIPT_FILENAME' => '/usr/home/qxu1193900179/htdocs/weixin'
    'REDIRECT_SCRIPT_NAME' => '/weixin'
    'REDIRECT_SERVER_ADDR' => '121.42.95.234'
    'REDIRECT_SERVER_ADMIN' => 'webmaster@qxu1193900179.my3w.com'
    'REDIRECT_SERVER_NAME' => '326108993.com'
    'REDIRECT_SERVER_PORT' => '80'
    'REDIRECT_SERVER_PROTOCOL' => 'HTTP/1.1'
    'REDIRECT_SERVER_SIGNATURE' => ''
    'REDIRECT_SERVER_SOFTWARE' => 'Apache'
    'REDIRECT_STATUS' => '200'
    'REDIRECT_UNIQUE_ID' => 'V5d6kwqjzoUAAEc2WP4AAAAj'
    'REDIRECT_URL' => '/weixin'
    'REMOTE_ADDR' => '58.63.3.65'
    'REMOTE_PORT' => '4616'
    'REQUEST_METHOD' => 'GET'
    'REQUEST_URI' => '/weixin'
    'SCRIPT_FILENAME' => '/usr/home/qxu1193900179/htdocs/index.php'
    'SCRIPT_NAME' => '/index.php'
    'SERVER_ADDR' => '121.42.95.234'
    'SERVER_ADMIN' => 'webmaster@qxu1193900179.my3w.com'
    'SERVER_NAME' => '326108993.com'
    'SERVER_PORT' => '80'
    'SERVER_PROTOCOL' => 'HTTP/1.1'
    'SERVER_SIGNATURE' => ''
    'SERVER_SOFTWARE' => 'Apache'
    'UNIQUE_ID' => 'V5d6kwqjzoUAAEc2WP4AAAAj'
    'PHP_SELF' => '/index.php'
    'REQUEST_TIME_FLOAT' => 1469545107.3823
    'REQUEST_TIME' => 1469545107
]
2016-07-26 22:58:46 [58.63.3.65][-][-][warning][yii\debug\Module::checkAccess] Access to debugger is denied due to IP address restriction. The requesting IP address is 58.63.3.65
    in /data/home/qxu1193900179/htdocs/zx/frontend/views/layouts/main.php:79
    in /data/home/qxu1193900179/htdocs/zx/frontend/controllers/SiteController.php:75
2016-07-26 22:58:46 [58.63.3.65][-][-][info][application] $_COOKIE = [
    'current-skin' => '/admin/source/css/skins/blue.min.css'
    'PHPSESSID' => '26ko5bv190rh2vuc9cclmocqs7'
    '_csrf' => '8e76a73ab56dccccfe2e86b44e267512cca93830796712a721b418101191d55da:2:{i:0;s:5:\"_csrf\";i:1;s:32:\"3DwuE0tl_vILWHAeFvaEu7L3Slu7kAJ7\";}'
]

$_SESSION = [
    '__flash' => []
]

$_SERVER = [
    'DOCUMENT_ROOT' => '/usr/home/qxu1193900179/htdocs'
    'GATEWAY_INTERFACE' => 'CGI/1.1'
    'HTTP_ACCEPT' => 'text/html,application/xhtml+xml,application/xml;q=0.9,image/webp,*/*;q=0.8'
    'HTTP_ACCEPT_ENCODING' => 'gzip, deflate'
    'HTTP_ACCEPT_LANGUAGE' => 'zh-CN,zh;q=0.8'
    'HTTP_CACHE_CONTROL' => 'max-age=0'
    'HTTP_CONNECTION' => 'keep-alive'
    'HTTP_COOKIE' => 'current-skin=/admin/source/css/skins/blue.min.css; PHPSESSID=26ko5bv190rh2vuc9cclmocqs7; _csrf=8e76a73ab56dccccfe2e86b44e267512cca93830796712a721b418101191d55da%3A2%3A%7Bi%3A0%3Bs%3A5%3A%22_csrf%22%3Bi%3A1%3Bs%3A32%3A%223DwuE0tl_vILWHAeFvaEu7L3Slu7kAJ7%22%3B%7D'
    'HTTP_HOST' => '326108993.com'
    'HTTP_UPGRADE_INSECURE_REQUESTS' => '1'
    'HTTP_USER_AGENT' => 'Mozilla/5.0 (Windows NT 6.1; WOW64) AppleWebKit/537.36 (KHTML, like Gecko) Chrome/51.0.2704.103 Safari/537.36'
    'PATH' => '/bin:/usr/bin'
    'PHPRC' => '/var/www/php55/hichina_ini/qxu1193900179'
    'QUERY_STRING' => ''
    'REDIRECT_DOCUMENT_ROOT' => '/usr/home/qxu1193900179/htdocs'
    'REDIRECT_GATEWAY_INTERFACE' => 'CGI/1.1'
    'REDIRECT_HTTP_ACCEPT' => 'text/html,application/xhtml+xml,application/xml;q=0.9,image/webp,*/*;q=0.8'
    'REDIRECT_HTTP_ACCEPT_ENCODING' => 'gzip, deflate'
    'REDIRECT_HTTP_ACCEPT_LANGUAGE' => 'zh-CN,zh;q=0.8'
    'REDIRECT_HTTP_CACHE_CONTROL' => 'max-age=0'
    'REDIRECT_HTTP_CONNECTION' => 'keep-alive'
    'REDIRECT_HTTP_COOKIE' => 'current-skin=/admin/source/css/skins/blue.min.css; PHPSESSID=26ko5bv190rh2vuc9cclmocqs7; _csrf=8e76a73ab56dccccfe2e86b44e267512cca93830796712a721b418101191d55da%3A2%3A%7Bi%3A0%3Bs%3A5%3A%22_csrf%22%3Bi%3A1%3Bs%3A32%3A%223DwuE0tl_vILWHAeFvaEu7L3Slu7kAJ7%22%3B%7D'
    'REDIRECT_HTTP_HOST' => '326108993.com'
    'REDIRECT_HTTP_UPGRADE_INSECURE_REQUESTS' => '1'
    'REDIRECT_HTTP_USER_AGENT' => 'Mozilla/5.0 (Windows NT 6.1; WOW64) AppleWebKit/537.36 (KHTML, like Gecko) Chrome/51.0.2704.103 Safari/537.36'
    'REDIRECT_PATH' => '/usr/kerberos/sbin:/usr/kerberos/bin:/usr/local/sbin:/sbin:/bin:/usr/sbin:/usr/bin'
    'REDIRECT_QUERY_STRING' => ''
    'REDIRECT_REMOTE_ADDR' => '58.63.3.65'
    'REDIRECT_REMOTE_PORT' => '4678'
    'REDIRECT_REQUEST_METHOD' => 'GET'
    'REDIRECT_REQUEST_URI' => '/weixin'
    'REDIRECT_SCRIPT_FILENAME' => '/usr/home/qxu1193900179/htdocs/weixin'
    'REDIRECT_SCRIPT_NAME' => '/weixin'
    'REDIRECT_SERVER_ADDR' => '121.42.95.234'
    'REDIRECT_SERVER_ADMIN' => 'webmaster@qxu1193900179.my3w.com'
    'REDIRECT_SERVER_NAME' => '326108993.com'
    'REDIRECT_SERVER_PORT' => '80'
    'REDIRECT_SERVER_PROTOCOL' => 'HTTP/1.1'
    'REDIRECT_SERVER_SIGNATURE' => ''
    'REDIRECT_SERVER_SOFTWARE' => 'Apache'
    'REDIRECT_STATUS' => '200'
    'REDIRECT_UNIQUE_ID' => 'V5d6pgqjzoUAAE8zWKkAAAAG'
    'REDIRECT_URL' => '/weixin'
    'REMOTE_ADDR' => '58.63.3.65'
    'REMOTE_PORT' => '4678'
    'REQUEST_METHOD' => 'GET'
    'REQUEST_URI' => '/weixin'
    'SCRIPT_FILENAME' => '/usr/home/qxu1193900179/htdocs/index.php'
    'SCRIPT_NAME' => '/index.php'
    'SERVER_ADDR' => '121.42.95.234'
    'SERVER_ADMIN' => 'webmaster@qxu1193900179.my3w.com'
    'SERVER_NAME' => '326108993.com'
    'SERVER_PORT' => '80'
    'SERVER_PROTOCOL' => 'HTTP/1.1'
    'SERVER_SIGNATURE' => ''
    'SERVER_SOFTWARE' => 'Apache'
    'UNIQUE_ID' => 'V5d6pgqjzoUAAE8zWKkAAAAG'
    'PHP_SELF' => '/index.php'
    'REQUEST_TIME_FLOAT' => 1469545126.3324
    'REQUEST_TIME' => 1469545126
]
2016-07-26 22:58:49 [58.63.3.65][-][-][warning][yii\debug\Module::checkAccess] Access to debugger is denied due to IP address restriction. The requesting IP address is 58.63.3.65
    in /data/home/qxu1193900179/htdocs/zx/frontend/views/layouts/main.php:79
    in /data/home/qxu1193900179/htdocs/zx/frontend/controllers/SiteController.php:75
2016-07-26 22:58:49 [58.63.3.65][-][-][info][application] $_COOKIE = [
    'current-skin' => '/admin/source/css/skins/blue.min.css'
    'PHPSESSID' => '26ko5bv190rh2vuc9cclmocqs7'
    '_csrf' => '8e76a73ab56dccccfe2e86b44e267512cca93830796712a721b418101191d55da:2:{i:0;s:5:\"_csrf\";i:1;s:32:\"3DwuE0tl_vILWHAeFvaEu7L3Slu7kAJ7\";}'
]

$_SESSION = [
    '__flash' => []
]

$_SERVER = [
    'DOCUMENT_ROOT' => '/usr/home/qxu1193900179/htdocs'
    'GATEWAY_INTERFACE' => 'CGI/1.1'
    'HTTP_ACCEPT' => 'text/html,application/xhtml+xml,application/xml;q=0.9,image/webp,*/*;q=0.8'
    'HTTP_ACCEPT_ENCODING' => 'gzip, deflate'
    'HTTP_ACCEPT_LANGUAGE' => 'zh-CN,zh;q=0.8'
    'HTTP_CACHE_CONTROL' => 'max-age=0'
    'HTTP_CONNECTION' => 'keep-alive'
    'HTTP_COOKIE' => 'current-skin=/admin/source/css/skins/blue.min.css; PHPSESSID=26ko5bv190rh2vuc9cclmocqs7; _csrf=8e76a73ab56dccccfe2e86b44e267512cca93830796712a721b418101191d55da%3A2%3A%7Bi%3A0%3Bs%3A5%3A%22_csrf%22%3Bi%3A1%3Bs%3A32%3A%223DwuE0tl_vILWHAeFvaEu7L3Slu7kAJ7%22%3B%7D'
    'HTTP_HOST' => '326108993.com'
    'HTTP_UPGRADE_INSECURE_REQUESTS' => '1'
    'HTTP_USER_AGENT' => 'Mozilla/5.0 (Windows NT 6.1; WOW64) AppleWebKit/537.36 (KHTML, like Gecko) Chrome/51.0.2704.103 Safari/537.36'
    'PATH' => '/bin:/usr/bin'
    'PHPRC' => '/var/www/php55/hichina_ini/qxu1193900179'
    'QUERY_STRING' => ''
    'REDIRECT_DOCUMENT_ROOT' => '/usr/home/qxu1193900179/htdocs'
    'REDIRECT_GATEWAY_INTERFACE' => 'CGI/1.1'
    'REDIRECT_HTTP_ACCEPT' => 'text/html,application/xhtml+xml,application/xml;q=0.9,image/webp,*/*;q=0.8'
    'REDIRECT_HTTP_ACCEPT_ENCODING' => 'gzip, deflate'
    'REDIRECT_HTTP_ACCEPT_LANGUAGE' => 'zh-CN,zh;q=0.8'
    'REDIRECT_HTTP_CACHE_CONTROL' => 'max-age=0'
    'REDIRECT_HTTP_CONNECTION' => 'keep-alive'
    'REDIRECT_HTTP_COOKIE' => 'current-skin=/admin/source/css/skins/blue.min.css; PHPSESSID=26ko5bv190rh2vuc9cclmocqs7; _csrf=8e76a73ab56dccccfe2e86b44e267512cca93830796712a721b418101191d55da%3A2%3A%7Bi%3A0%3Bs%3A5%3A%22_csrf%22%3Bi%3A1%3Bs%3A32%3A%223DwuE0tl_vILWHAeFvaEu7L3Slu7kAJ7%22%3B%7D'
    'REDIRECT_HTTP_HOST' => '326108993.com'
    'REDIRECT_HTTP_UPGRADE_INSECURE_REQUESTS' => '1'
    'REDIRECT_HTTP_USER_AGENT' => 'Mozilla/5.0 (Windows NT 6.1; WOW64) AppleWebKit/537.36 (KHTML, like Gecko) Chrome/51.0.2704.103 Safari/537.36'
    'REDIRECT_PATH' => '/usr/kerberos/sbin:/usr/kerberos/bin:/usr/local/sbin:/sbin:/bin:/usr/sbin:/usr/bin'
    'REDIRECT_QUERY_STRING' => ''
    'REDIRECT_REMOTE_ADDR' => '58.63.3.65'
    'REDIRECT_REMOTE_PORT' => '4679'
    'REDIRECT_REQUEST_METHOD' => 'GET'
    'REDIRECT_REQUEST_URI' => '/weixin'
    'REDIRECT_SCRIPT_FILENAME' => '/usr/home/qxu1193900179/htdocs/weixin'
    'REDIRECT_SCRIPT_NAME' => '/weixin'
    'REDIRECT_SERVER_ADDR' => '121.42.95.234'
    'REDIRECT_SERVER_ADMIN' => 'webmaster@qxu1193900179.my3w.com'
    'REDIRECT_SERVER_NAME' => '326108993.com'
    'REDIRECT_SERVER_PORT' => '80'
    'REDIRECT_SERVER_PROTOCOL' => 'HTTP/1.1'
    'REDIRECT_SERVER_SIGNATURE' => ''
    'REDIRECT_SERVER_SOFTWARE' => 'Apache'
    'REDIRECT_STATUS' => '200'
    'REDIRECT_UNIQUE_ID' => 'V5d6qQqjzoUAAE4LHigAAAAJ'
    'REDIRECT_URL' => '/weixin'
    'REMOTE_ADDR' => '58.63.3.65'
    'REMOTE_PORT' => '4679'
    'REQUEST_METHOD' => 'GET'
    'REQUEST_URI' => '/weixin'
    'SCRIPT_FILENAME' => '/usr/home/qxu1193900179/htdocs/index.php'
    'SCRIPT_NAME' => '/index.php'
    'SERVER_ADDR' => '121.42.95.234'
    'SERVER_ADMIN' => 'webmaster@qxu1193900179.my3w.com'
    'SERVER_NAME' => '326108993.com'
    'SERVER_PORT' => '80'
    'SERVER_PROTOCOL' => 'HTTP/1.1'
    'SERVER_SIGNATURE' => ''
    'SERVER_SOFTWARE' => 'Apache'
    'UNIQUE_ID' => 'V5d6qQqjzoUAAE4LHigAAAAJ'
    'PHP_SELF' => '/index.php'
    'REQUEST_TIME_FLOAT' => 1469545129.7106
    'REQUEST_TIME' => 1469545129
]
2016-07-26 22:59:32 [58.63.3.65][-][-][warning][yii\debug\Module::checkAccess] Access to debugger is denied due to IP address restriction. The requesting IP address is 58.63.3.65
    in /data/home/qxu1193900179/htdocs/zx/frontend/views/layouts/main.php:79
    in /data/home/qxu1193900179/htdocs/zx/frontend/controllers/SiteController.php:75
2016-07-26 22:59:32 [58.63.3.65][-][-][info][application] $_COOKIE = [
    'current-skin' => '/admin/source/css/skins/blue.min.css'
    'PHPSESSID' => '26ko5bv190rh2vuc9cclmocqs7'
    '_csrf' => '8e76a73ab56dccccfe2e86b44e267512cca93830796712a721b418101191d55da:2:{i:0;s:5:\"_csrf\";i:1;s:32:\"3DwuE0tl_vILWHAeFvaEu7L3Slu7kAJ7\";}'
]

$_SESSION = [
    '__flash' => []
]

$_SERVER = [
    'DOCUMENT_ROOT' => '/usr/home/qxu1193900179/htdocs'
    'GATEWAY_INTERFACE' => 'CGI/1.1'
    'HTTP_ACCEPT' => 'text/html,application/xhtml+xml,application/xml;q=0.9,image/webp,*/*;q=0.8'
    'HTTP_ACCEPT_ENCODING' => 'gzip, deflate'
    'HTTP_ACCEPT_LANGUAGE' => 'zh-CN,zh;q=0.8'
    'HTTP_CACHE_CONTROL' => 'max-age=0'
    'HTTP_CONNECTION' => 'keep-alive'
    'HTTP_COOKIE' => 'current-skin=/admin/source/css/skins/blue.min.css; PHPSESSID=26ko5bv190rh2vuc9cclmocqs7; _csrf=8e76a73ab56dccccfe2e86b44e267512cca93830796712a721b418101191d55da%3A2%3A%7Bi%3A0%3Bs%3A5%3A%22_csrf%22%3Bi%3A1%3Bs%3A32%3A%223DwuE0tl_vILWHAeFvaEu7L3Slu7kAJ7%22%3B%7D'
    'HTTP_HOST' => '326108993.com'
    'HTTP_UPGRADE_INSECURE_REQUESTS' => '1'
    'HTTP_USER_AGENT' => 'Mozilla/5.0 (Windows NT 6.1; WOW64) AppleWebKit/537.36 (KHTML, like Gecko) Chrome/51.0.2704.103 Safari/537.36'
    'PATH' => '/bin:/usr/bin'
    'PHPRC' => '/var/www/php55/hichina_ini/qxu1193900179'
    'QUERY_STRING' => ''
    'REDIRECT_DOCUMENT_ROOT' => '/usr/home/qxu1193900179/htdocs'
    'REDIRECT_GATEWAY_INTERFACE' => 'CGI/1.1'
    'REDIRECT_HTTP_ACCEPT' => 'text/html,application/xhtml+xml,application/xml;q=0.9,image/webp,*/*;q=0.8'
    'REDIRECT_HTTP_ACCEPT_ENCODING' => 'gzip, deflate'
    'REDIRECT_HTTP_ACCEPT_LANGUAGE' => 'zh-CN,zh;q=0.8'
    'REDIRECT_HTTP_CACHE_CONTROL' => 'max-age=0'
    'REDIRECT_HTTP_CONNECTION' => 'keep-alive'
    'REDIRECT_HTTP_COOKIE' => 'current-skin=/admin/source/css/skins/blue.min.css; PHPSESSID=26ko5bv190rh2vuc9cclmocqs7; _csrf=8e76a73ab56dccccfe2e86b44e267512cca93830796712a721b418101191d55da%3A2%3A%7Bi%3A0%3Bs%3A5%3A%22_csrf%22%3Bi%3A1%3Bs%3A32%3A%223DwuE0tl_vILWHAeFvaEu7L3Slu7kAJ7%22%3B%7D'
    'REDIRECT_HTTP_HOST' => '326108993.com'
    'REDIRECT_HTTP_UPGRADE_INSECURE_REQUESTS' => '1'
    'REDIRECT_HTTP_USER_AGENT' => 'Mozilla/5.0 (Windows NT 6.1; WOW64) AppleWebKit/537.36 (KHTML, like Gecko) Chrome/51.0.2704.103 Safari/537.36'
    'REDIRECT_PATH' => '/usr/kerberos/sbin:/usr/kerberos/bin:/usr/local/sbin:/sbin:/bin:/usr/sbin:/usr/bin'
    'REDIRECT_QUERY_STRING' => ''
    'REDIRECT_REMOTE_ADDR' => '58.63.3.65'
    'REDIRECT_REMOTE_PORT' => '4761'
    'REDIRECT_REQUEST_METHOD' => 'GET'
    'REDIRECT_REQUEST_URI' => '/weixin'
    'REDIRECT_SCRIPT_FILENAME' => '/usr/home/qxu1193900179/htdocs/weixin'
    'REDIRECT_SCRIPT_NAME' => '/weixin'
    'REDIRECT_SERVER_ADDR' => '121.42.95.234'
    'REDIRECT_SERVER_ADMIN' => 'webmaster@qxu1193900179.my3w.com'
    'REDIRECT_SERVER_NAME' => '326108993.com'
    'REDIRECT_SERVER_PORT' => '80'
    'REDIRECT_SERVER_PROTOCOL' => 'HTTP/1.1'
    'REDIRECT_SERVER_SIGNATURE' => ''
    'REDIRECT_SERVER_SOFTWARE' => 'Apache'
    'REDIRECT_STATUS' => '200'
    'REDIRECT_UNIQUE_ID' => 'V5d61AqjzoUAAFDFXFEAAAAA'
    'REDIRECT_URL' => '/weixin'
    'REMOTE_ADDR' => '58.63.3.65'
    'REMOTE_PORT' => '4761'
    'REQUEST_METHOD' => 'GET'
    'REQUEST_URI' => '/weixin'
    'SCRIPT_FILENAME' => '/usr/home/qxu1193900179/htdocs/index.php'
    'SCRIPT_NAME' => '/index.php'
    'SERVER_ADDR' => '121.42.95.234'
    'SERVER_ADMIN' => 'webmaster@qxu1193900179.my3w.com'
    'SERVER_NAME' => '326108993.com'
    'SERVER_PORT' => '80'
    'SERVER_PROTOCOL' => 'HTTP/1.1'
    'SERVER_SIGNATURE' => ''
    'SERVER_SOFTWARE' => 'Apache'
    'UNIQUE_ID' => 'V5d61AqjzoUAAFDFXFEAAAAA'
    'PHP_SELF' => '/index.php'
    'REQUEST_TIME_FLOAT' => 1469545172.4684
    'REQUEST_TIME' => 1469545172
]
2016-07-26 22:59:46 [58.63.3.65][-][-][warning][yii\debug\Module::checkAccess] Access to debugger is denied due to IP address restriction. The requesting IP address is 58.63.3.65
    in /data/home/qxu1193900179/htdocs/zx/frontend/views/layouts/main.php:79
    in /data/home/qxu1193900179/htdocs/zx/frontend/controllers/SiteController.php:75
2016-07-26 22:59:46 [58.63.3.65][-][-][info][application] $_COOKIE = [
    'current-skin' => '/admin/source/css/skins/blue.min.css'
    'PHPSESSID' => '26ko5bv190rh2vuc9cclmocqs7'
    '_csrf' => '8e76a73ab56dccccfe2e86b44e267512cca93830796712a721b418101191d55da:2:{i:0;s:5:\"_csrf\";i:1;s:32:\"3DwuE0tl_vILWHAeFvaEu7L3Slu7kAJ7\";}'
]

$_SESSION = [
    '__flash' => []
]

$_SERVER = [
    'DOCUMENT_ROOT' => '/usr/home/qxu1193900179/htdocs'
    'GATEWAY_INTERFACE' => 'CGI/1.1'
    'HTTP_ACCEPT' => 'text/html,application/xhtml+xml,application/xml;q=0.9,image/webp,*/*;q=0.8'
    'HTTP_ACCEPT_ENCODING' => 'gzip, deflate'
    'HTTP_ACCEPT_LANGUAGE' => 'zh-CN,zh;q=0.8'
    'HTTP_CONNECTION' => 'keep-alive'
    'HTTP_COOKIE' => 'current-skin=/admin/source/css/skins/blue.min.css; PHPSESSID=26ko5bv190rh2vuc9cclmocqs7; _csrf=8e76a73ab56dccccfe2e86b44e267512cca93830796712a721b418101191d55da%3A2%3A%7Bi%3A0%3Bs%3A5%3A%22_csrf%22%3Bi%3A1%3Bs%3A32%3A%223DwuE0tl_vILWHAeFvaEu7L3Slu7kAJ7%22%3B%7D'
    'HTTP_HOST' => '326108993.com'
    'HTTP_UPGRADE_INSECURE_REQUESTS' => '1'
    'HTTP_USER_AGENT' => 'Mozilla/5.0 (Windows NT 6.1; WOW64) AppleWebKit/537.36 (KHTML, like Gecko) Chrome/51.0.2704.103 Safari/537.36'
    'PATH' => '/bin:/usr/bin'
    'PHPRC' => '/var/www/php55/hichina_ini/qxu1193900179'
    'QUERY_STRING' => ''
    'REDIRECT_DOCUMENT_ROOT' => '/usr/home/qxu1193900179/htdocs'
    'REDIRECT_GATEWAY_INTERFACE' => 'CGI/1.1'
    'REDIRECT_HTTP_ACCEPT' => 'text/html,application/xhtml+xml,application/xml;q=0.9,image/webp,*/*;q=0.8'
    'REDIRECT_HTTP_ACCEPT_ENCODING' => 'gzip, deflate'
    'REDIRECT_HTTP_ACCEPT_LANGUAGE' => 'zh-CN,zh;q=0.8'
    'REDIRECT_HTTP_CONNECTION' => 'keep-alive'
    'REDIRECT_HTTP_COOKIE' => 'current-skin=/admin/source/css/skins/blue.min.css; PHPSESSID=26ko5bv190rh2vuc9cclmocqs7; _csrf=8e76a73ab56dccccfe2e86b44e267512cca93830796712a721b418101191d55da%3A2%3A%7Bi%3A0%3Bs%3A5%3A%22_csrf%22%3Bi%3A1%3Bs%3A32%3A%223DwuE0tl_vILWHAeFvaEu7L3Slu7kAJ7%22%3B%7D'
    'REDIRECT_HTTP_HOST' => '326108993.com'
    'REDIRECT_HTTP_UPGRADE_INSECURE_REQUESTS' => '1'
    'REDIRECT_HTTP_USER_AGENT' => 'Mozilla/5.0 (Windows NT 6.1; WOW64) AppleWebKit/537.36 (KHTML, like Gecko) Chrome/51.0.2704.103 Safari/537.36'
    'REDIRECT_PATH' => '/usr/kerberos/sbin:/usr/kerberos/bin:/usr/local/sbin:/sbin:/bin:/usr/sbin:/usr/bin'
    'REDIRECT_QUERY_STRING' => ''
    'REDIRECT_REMOTE_ADDR' => '58.63.3.65'
    'REDIRECT_REMOTE_PORT' => '4766'
    'REDIRECT_REQUEST_METHOD' => 'GET'
    'REDIRECT_REQUEST_URI' => '/weixin'
    'REDIRECT_SCRIPT_FILENAME' => '/usr/home/qxu1193900179/htdocs/weixin'
    'REDIRECT_SCRIPT_NAME' => '/weixin'
    'REDIRECT_SERVER_ADDR' => '121.42.95.234'
    'REDIRECT_SERVER_ADMIN' => 'webmaster@qxu1193900179.my3w.com'
    'REDIRECT_SERVER_NAME' => '326108993.com'
    'REDIRECT_SERVER_PORT' => '80'
    'REDIRECT_SERVER_PROTOCOL' => 'HTTP/1.1'
    'REDIRECT_SERVER_SIGNATURE' => ''
    'REDIRECT_SERVER_SOFTWARE' => 'Apache'
    'REDIRECT_STATUS' => '200'
    'REDIRECT_UNIQUE_ID' => 'V5d64gqjzoUAAE2YFx0AAAAO'
    'REDIRECT_URL' => '/weixin'
    'REMOTE_ADDR' => '58.63.3.65'
    'REMOTE_PORT' => '4766'
    'REQUEST_METHOD' => 'GET'
    'REQUEST_URI' => '/weixin'
    'SCRIPT_FILENAME' => '/usr/home/qxu1193900179/htdocs/index.php'
    'SCRIPT_NAME' => '/index.php'
    'SERVER_ADDR' => '121.42.95.234'
    'SERVER_ADMIN' => 'webmaster@qxu1193900179.my3w.com'
    'SERVER_NAME' => '326108993.com'
    'SERVER_PORT' => '80'
    'SERVER_PROTOCOL' => 'HTTP/1.1'
    'SERVER_SIGNATURE' => ''
    'SERVER_SOFTWARE' => 'Apache'
    'UNIQUE_ID' => 'V5d64gqjzoUAAE2YFx0AAAAO'
    'PHP_SELF' => '/index.php'
    'REQUEST_TIME_FLOAT' => 1469545186.1983
    'REQUEST_TIME' => 1469545186
]
2016-07-26 22:59:56 [58.63.3.65][-][-][warning][yii\debug\Module::checkAccess] Access to debugger is denied due to IP address restriction. The requesting IP address is 58.63.3.65
    in /data/home/qxu1193900179/htdocs/zx/frontend/views/layouts/main.php:79
    in /data/home/qxu1193900179/htdocs/zx/frontend/controllers/SiteController.php:75
2016-07-26 22:59:56 [58.63.3.65][-][-][info][application] $_COOKIE = [
    'current-skin' => '/admin/source/css/skins/blue.min.css'
    'PHPSESSID' => '26ko5bv190rh2vuc9cclmocqs7'
    '_csrf' => '8e76a73ab56dccccfe2e86b44e267512cca93830796712a721b418101191d55da:2:{i:0;s:5:\"_csrf\";i:1;s:32:\"3DwuE0tl_vILWHAeFvaEu7L3Slu7kAJ7\";}'
]

$_SESSION = [
    '__flash' => []
]

$_SERVER = [
    'DOCUMENT_ROOT' => '/usr/home/qxu1193900179/htdocs'
    'GATEWAY_INTERFACE' => 'CGI/1.1'
    'HTTP_ACCEPT' => 'text/html,application/xhtml+xml,application/xml;q=0.9,image/webp,*/*;q=0.8'
    'HTTP_ACCEPT_ENCODING' => 'gzip, deflate'
    'HTTP_ACCEPT_LANGUAGE' => 'zh-CN,zh;q=0.8'
    'HTTP_CONNECTION' => 'keep-alive'
    'HTTP_COOKIE' => 'current-skin=/admin/source/css/skins/blue.min.css; PHPSESSID=26ko5bv190rh2vuc9cclmocqs7; _csrf=8e76a73ab56dccccfe2e86b44e267512cca93830796712a721b418101191d55da%3A2%3A%7Bi%3A0%3Bs%3A5%3A%22_csrf%22%3Bi%3A1%3Bs%3A32%3A%223DwuE0tl_vILWHAeFvaEu7L3Slu7kAJ7%22%3B%7D'
    'HTTP_HOST' => '326108993.com'
    'HTTP_UPGRADE_INSECURE_REQUESTS' => '1'
    'HTTP_USER_AGENT' => 'Mozilla/5.0 (Windows NT 6.1; WOW64) AppleWebKit/537.36 (KHTML, like Gecko) Chrome/51.0.2704.103 Safari/537.36'
    'PATH' => '/bin:/usr/bin'
    'PHPRC' => '/var/www/php55/hichina_ini/qxu1193900179'
    'QUERY_STRING' => ''
    'REDIRECT_DOCUMENT_ROOT' => '/usr/home/qxu1193900179/htdocs'
    'REDIRECT_GATEWAY_INTERFACE' => 'CGI/1.1'
    'REDIRECT_HTTP_ACCEPT' => 'text/html,application/xhtml+xml,application/xml;q=0.9,image/webp,*/*;q=0.8'
    'REDIRECT_HTTP_ACCEPT_ENCODING' => 'gzip, deflate'
    'REDIRECT_HTTP_ACCEPT_LANGUAGE' => 'zh-CN,zh;q=0.8'
    'REDIRECT_HTTP_CONNECTION' => 'keep-alive'
    'REDIRECT_HTTP_COOKIE' => 'current-skin=/admin/source/css/skins/blue.min.css; PHPSESSID=26ko5bv190rh2vuc9cclmocqs7; _csrf=8e76a73ab56dccccfe2e86b44e267512cca93830796712a721b418101191d55da%3A2%3A%7Bi%3A0%3Bs%3A5%3A%22_csrf%22%3Bi%3A1%3Bs%3A32%3A%223DwuE0tl_vILWHAeFvaEu7L3Slu7kAJ7%22%3B%7D'
    'REDIRECT_HTTP_HOST' => '326108993.com'
    'REDIRECT_HTTP_UPGRADE_INSECURE_REQUESTS' => '1'
    'REDIRECT_HTTP_USER_AGENT' => 'Mozilla/5.0 (Windows NT 6.1; WOW64) AppleWebKit/537.36 (KHTML, like Gecko) Chrome/51.0.2704.103 Safari/537.36'
    'REDIRECT_PATH' => '/usr/kerberos/sbin:/usr/kerberos/bin:/usr/local/sbin:/sbin:/bin:/usr/sbin:/usr/bin'
    'REDIRECT_PATH_INFO' => '/default/index'
    'REDIRECT_PATH_TRANSLATED' => 'redirect:/index.php/index'
    'REDIRECT_QUERY_STRING' => ''
    'REDIRECT_REMOTE_ADDR' => '58.63.3.65'
    'REDIRECT_REMOTE_PORT' => '4763'
    'REDIRECT_REQUEST_METHOD' => 'GET'
    'REDIRECT_REQUEST_URI' => '/weixin/default/index'
    'REDIRECT_SCRIPT_FILENAME' => '/usr/home/qxu1193900179/htdocs/weixin'
    'REDIRECT_SCRIPT_NAME' => '/weixin'
    'REDIRECT_SERVER_ADDR' => '121.42.95.234'
    'REDIRECT_SERVER_ADMIN' => 'webmaster@qxu1193900179.my3w.com'
    'REDIRECT_SERVER_NAME' => '326108993.com'
    'REDIRECT_SERVER_PORT' => '80'
    'REDIRECT_SERVER_PROTOCOL' => 'HTTP/1.1'
    'REDIRECT_SERVER_SIGNATURE' => ''
    'REDIRECT_SERVER_SOFTWARE' => 'Apache'
    'REDIRECT_STATUS' => '200'
    'REDIRECT_UNIQUE_ID' => 'V5d67AqjzoUAAE8tVwQAAAAC'
    'REDIRECT_URL' => '/weixin/default/index'
    'REMOTE_ADDR' => '58.63.3.65'
    'REMOTE_PORT' => '4763'
    'REQUEST_METHOD' => 'GET'
    'REQUEST_URI' => '/weixin/default/index'
    'SCRIPT_FILENAME' => '/usr/home/qxu1193900179/htdocs/index.php'
    'SCRIPT_NAME' => '/index.php'
    'SERVER_ADDR' => '121.42.95.234'
    'SERVER_ADMIN' => 'webmaster@qxu1193900179.my3w.com'
    'SERVER_NAME' => '326108993.com'
    'SERVER_PORT' => '80'
    'SERVER_PROTOCOL' => 'HTTP/1.1'
    'SERVER_SIGNATURE' => ''
    'SERVER_SOFTWARE' => 'Apache'
    'UNIQUE_ID' => 'V5d67AqjzoUAAE8tVwQAAAAC'
    'PHP_SELF' => '/index.php'
    'REQUEST_TIME_FLOAT' => 1469545196.9152
    'REQUEST_TIME' => 1469545196
]
